


ARM Macro Assembler    Page 1 


    1 00000000         ;/*!
    2 00000000         ;    \file  startup_gd32f1x0.s
    3 00000000         ;    \brief start up file
    4 00000000         
    5 00000000         ;    2014-12-26, V1.0.0, firmware for GD32F1x0(x=3,5)
    6 00000000         ;    2016-01-15, V2.0.0, firmware for GD32F1x0(x=3,5,7,9
                       )
    7 00000000         ;    2016-04-30, V3.0.0, firmware update for GD32F1x0(x=
                       3,5,7,9)
    8 00000000         ;    2017-06-19, V3.1.0, firmware update for GD32F1x0(x=
                       3,5,7,9)
    9 00000000         ;    2019-11-20, V3.2.0, firmware update for GD32F1x0(x=
                       3,5,7,9)
   10 00000000         ;    2020-09-21, V3.3.0, firmware update for GD32F1x0(x=
                       3,5,7,9)
   11 00000000         ;*/
   12 00000000         
   13 00000000         ;/*
   14 00000000         ;    Copyright (c) 2020, GigaDevice Semiconductor Inc.
   15 00000000         ;
   16 00000000         ;    Redistribution and use in source and binary forms, 
                       with or without modification, 
   17 00000000         ;are permitted provided that the following conditions ar
                       e met:
   18 00000000         ;
   19 00000000         ;    1. Redistributions of source code must retain the a
                       bove copyright notice, this 
   20 00000000         ;       list of conditions and the following disclaimer.
                       
   21 00000000         ;    2. Redistributions in binary form must reproduce th
                       e above copyright notice, 
   22 00000000         ;       this list of conditions and the following discla
                       imer in the documentation 
   23 00000000         ;       and/or other materials provided with the distrib
                       ution.
   24 00000000         ;    3. Neither the name of the copyright holder nor the
                        names of its contributors 
   25 00000000         ;       may be used to endorse or promote products deriv
                       ed from this software without 
   26 00000000         ;       specific prior written permission.
   27 00000000         ;
   28 00000000         ;    THIS SOFTWARE IS PROVIDED BY THE COPYRIGHT HOLDERS 
                       AND CONTRIBUTORS "AS IS" 
   29 00000000         ;AND ANY EXPRESS OR IMPLIED WARRANTIES, INCLUDING, BUT N
                       OT LIMITED TO, THE IMPLIED 
   30 00000000         ;WARRANTIES OF MERCHANTABILITY AND FITNESS FOR A PARTICU
                       LAR PURPOSE ARE DISCLAIMED. 
   31 00000000         ;IN NO EVENT SHALL THE COPYRIGHT HOLDER OR CONTRIBUTORS 
                       BE LIABLE FOR ANY DIRECT, 
   32 00000000         ;INDIRECT, INCIDENTAL, SPECIAL, EXEMPLARY, OR CONSEQUENT
                       IAL DAMAGES (INCLUDING, BUT 
   33 00000000         ;NOT LIMITED TO, PROCUREMENT OF SUBSTITUTE GOODS OR SERV
                       ICES; LOSS OF USE, DATA, OR 
   34 00000000         ;PROFITS; OR BUSINESS INTERRUPTION) HOWEVER CAUSED AND O
                       N ANY THEORY OF LIABILITY, 
   35 00000000         ;WHETHER IN CONTRACT, STRICT LIABILITY, OR TORT (INCLUDI
                       NG NEGLIGENCE OR OTHERWISE) 
   36 00000000         ;ARISING IN ANY WAY OUT OF THE USE OF THIS SOFTWARE, EVE
                       N IF ADVISED OF THE POSSIBILITY 



ARM Macro Assembler    Page 2 


   37 00000000         ;OF SUCH DAMAGE.
   38 00000000         ;*/
   39 00000000         
   40 00000000         ; <h> Stack Configuration
   41 00000000         ;   <o> Stack Size (in Bytes) <0x0-0xFFFFFFFF:8>
   42 00000000         ; </h>
   43 00000000         
   44 00000000 00000400 
                       Stack_Size
                               EQU              0x00000400
   45 00000000         
   46 00000000                 AREA             STACK, NOINIT, READWRITE, ALIGN
=3
   47 00000000         Stack_Mem
                               SPACE            Stack_Size
   48 00000400         __initial_sp
   49 00000400         
   50 00000400         
   51 00000400         ; <h> Heap Configuration
   52 00000400         ;   <o>  Heap Size (in Bytes) <0x0-0xFFFFFFFF:8>
   53 00000400         ; </h>
   54 00000400         
   55 00000400 00000400 
                       Heap_Size
                               EQU              0x00000400
   56 00000400         
   57 00000400                 AREA             HEAP, NOINIT, READWRITE, ALIGN=
3
   58 00000000         __heap_base
   59 00000000         Heap_Mem
                               SPACE            Heap_Size
   60 00000400         __heap_limit
   61 00000400         
   62 00000400                 PRESERVE8
   63 00000400                 THUMB
   64 00000400         
   65 00000400         ;               /* reset Vector Mapped to at Address 0 *
                       /
   66 00000400                 AREA             RESET, DATA, READONLY
   67 00000000                 EXPORT           __Vectors
   68 00000000                 EXPORT           __Vectors_End
   69 00000000                 EXPORT           __Vectors_Size
   70 00000000         
   71 00000000 00000000 
                       __Vectors
                               DCD              __initial_sp ; Top of Stack
   72 00000004 00000000        DCD              Reset_Handler ; Reset Handler
   73 00000008 00000000        DCD              NMI_Handler ; NMI Handler
   74 0000000C 00000000        DCD              HardFault_Handler ; Hard Fault 
                                                            Handler
   75 00000010 00000000        DCD              MemManage_Handler 
                                                            ; MPU Fault Handler
                                                            
   76 00000014 00000000        DCD              BusFault_Handler 
                                                            ; Bus Fault Handler
                                                            
   77 00000018 00000000        DCD              UsageFault_Handler ; Usage Faul
                                                            t Handler
   78 0000001C 00000000        DCD              0           ; Reserved



ARM Macro Assembler    Page 3 


   79 00000020 00000000        DCD              0           ; Reserved
   80 00000024 00000000        DCD              0           ; Reserved
   81 00000028 00000000        DCD              0           ; Reserved
   82 0000002C 00000000        DCD              SVC_Handler ; SVCall Handler
   83 00000030 00000000        DCD              DebugMon_Handler ; Debug Monito
                                                            r Handler
   84 00000034 00000000        DCD              0           ; Reserved
   85 00000038 00000000        DCD              PendSV_Handler ; PendSV Handler
                                                            
   86 0000003C 00000000        DCD              SysTick_Handler 
                                                            ; SysTick Handler
   87 00000040         
   88 00000040         ;               /* external interrupts handler */
   89 00000040 00000000        DCD              WWDGT_IRQHandler ; 16:Window Wa
                                                            tchdog Timer
   90 00000044 00000000        DCD              LVD_IRQHandler ; 17:LVD through
                                                             EXTI Line detect
   91 00000048 00000000        DCD              RTC_IRQHandler ; 18:RTC through
                                                             EXTI Line
   92 0000004C 00000000        DCD              FMC_IRQHandler ; 19:FMC
   93 00000050 00000000        DCD              RCU_IRQHandler ; 20:RCU
   94 00000054 00000000        DCD              EXTI0_1_IRQHandler ; 21:EXTI Li
                                                            ne 0 and EXTI Line 
                                                            1
   95 00000058 00000000        DCD              EXTI2_3_IRQHandler ; 22:EXTI Li
                                                            ne 2 and EXTI Line 
                                                            3
   96 0000005C 00000000        DCD              EXTI4_15_IRQHandler ; 23:EXTI L
                                                            ine 4 to EXTI Line 
                                                            15
   97 00000060 00000000        DCD              TSI_IRQHandler ; 24:TSI
   98 00000064 00000000        DCD              DMA_Channel0_IRQHandler 
                                                            ; 25:DMA Channel 0 
                                                            
   99 00000068 00000000        DCD              DMA_Channel1_2_IRQHandler ; 26:
                                                            DMA Channel 1 and D
                                                            MA Channel 2
  100 0000006C 00000000        DCD              DMA_Channel3_4_IRQHandler ; 27:
                                                            DMA Channel 3 and D
                                                            MA Channel 4
  101 00000070 00000000        DCD              ADC_CMP_IRQHandler ; 28:ADC and
                                                             Comparator 0-1
  102 00000074 00000000        DCD              TIMER0_BRK_UP_TRG_COM_IRQHandle
r 
                                                            ; 29:TIMER0 Break,U
                                                            pdate,Trigger and C
                                                            ommutation
  103 00000078 00000000        DCD              TIMER0_Channel_IRQHandler 
                                                            ; 30:TIMER0 Channel
                                                            
  104 0000007C 00000000        DCD              TIMER1_IRQHandler ; 31:TIMER1
  105 00000080 00000000        DCD              TIMER2_IRQHandler ; 32:TIMER2
  106 00000084 00000000        DCD              TIMER5_DAC_IRQHandler 
                                                            ; 33:TIMER5 and DAC
                                                            
  107 00000088 00000000        DCD              0           ; Reserved
  108 0000008C 00000000        DCD              TIMER13_IRQHandler ; 35:TIMER13
                                                            
  109 00000090 00000000        DCD              TIMER14_IRQHandler ; 36:TIMER14



ARM Macro Assembler    Page 4 


                                                            
  110 00000094 00000000        DCD              TIMER15_IRQHandler ; 37:TIMER15
                                                            
  111 00000098 00000000        DCD              TIMER16_IRQHandler ; 38:TIMER16
                                                            
  112 0000009C 00000000        DCD              I2C0_EV_IRQHandler 
                                                            ; 39:I2C0 Event
  113 000000A0 00000000        DCD              I2C1_EV_IRQHandler 
                                                            ; 40:I2C1 Event
  114 000000A4 00000000        DCD              SPI0_IRQHandler ; 41:SPI0
  115 000000A8 00000000        DCD              SPI1_IRQHandler ; 42:SPI1
  116 000000AC 00000000        DCD              USART0_IRQHandler ; 43:USART0
  117 000000B0 00000000        DCD              USART1_IRQHandler ; 44:USART1
  118 000000B4 00000000        DCD              0           ; Reserved
  119 000000B8 00000000        DCD              CEC_IRQHandler ; 46:CEC
  120 000000BC 00000000        DCD              0           ; Reserved
  121 000000C0 00000000        DCD              I2C0_ER_IRQHandler 
                                                            ; 48:I2C0 Error
  122 000000C4 00000000        DCD              0           ; Reserved
  123 000000C8 00000000        DCD              I2C1_ER_IRQHandler 
                                                            ; 50:I2C1 Error
  124 000000CC 00000000        DCD              I2C2_EV_IRQHandler 
                                                            ; 51:I2C2 Event
  125 000000D0 00000000        DCD              I2C2_ER_IRQHandler 
                                                            ; 52:I2C2 Error
  126 000000D4 00000000        DCD              USBD_LP_IRQHandler ; 53:USBD LP
                                                            
  127 000000D8 00000000        DCD              USBD_HP_IRQHandler ; 54:USBD HP
                                                            
  128 000000DC 00000000        DCD              0           ; Reserved
  129 000000E0 00000000        DCD              0           ; Reserved
  130 000000E4 00000000        DCD              0           ; Reserved
  131 000000E8 00000000        DCD              USBDWakeUp_IRQHandler 
                                                            ; 58:USBD Wakeup
  132 000000EC 00000000        DCD              CAN0_TX_IRQHandler ; 59:CAN0 TX
                                                            
  133 000000F0 00000000        DCD              CAN0_RX0_IRQHandler 
                                                            ; 60:CAN0 RX0
  134 000000F4 00000000        DCD              CAN0_RX1_IRQHandler 
                                                            ; 61:CAN0 RX1
  135 000000F8 00000000        DCD              CAN0_SCE_IRQHandler 
                                                            ; 62:CAN0 SCE
  136 000000FC 00000000        DCD              SLCD_IRQHandler ; 63:SLCD
  137 00000100 00000000        DCD              DMA_Channel5_6_IRQHandler ; 64:
                                                            DMA Channel5 and Ch
                                                            annel6 
  138 00000104 00000000        DCD              0           ; Reserved
  139 00000108 00000000        DCD              0           ; Reserved
  140 0000010C 00000000        DCD              SPI2_IRQHandler ; 67:SPI2
  141 00000110 00000000        DCD              0           ; Reserved
  142 00000114 00000000        DCD              0           ; Reserved
  143 00000118 00000000        DCD              0           ; Reserved
  144 0000011C 00000000        DCD              0           ; Reserved
  145 00000120 00000000        DCD              0           ; Reserved
  146 00000124 00000000        DCD              0           ; Reserved
  147 00000128 00000000        DCD              0           ; Reserved
  148 0000012C 00000000        DCD              0           ; Reserved
  149 00000130 00000000        DCD              0           ; Reserved
  150 00000134 00000000        DCD              0           ; Reserved



ARM Macro Assembler    Page 5 


  151 00000138 00000000        DCD              0           ; Reserved
  152 0000013C 00000000        DCD              0           ; Reserved
  153 00000140 00000000        DCD              0           ; Reserved
  154 00000144 00000000        DCD              0           ; Reserved
  155 00000148 00000000        DCD              0           ; Reserved
  156 0000014C 00000000        DCD              0           ; Reserved
  157 00000150 00000000        DCD              0           ; Reserved
  158 00000154 00000000        DCD              0           ; Reserved
  159 00000158 00000000        DCD              CAN1_TX_IRQHandler ; 86:CAN1 TX
                                                            
  160 0000015C 00000000        DCD              CAN1_RX0_IRQHandler 
                                                            ; 87:CAN1 RX0
  161 00000160 00000000        DCD              CAN1_RX1_IRQHandler 
                                                            ; 88:CAN1 RX1
  162 00000164 00000000        DCD              CAN1_SCE_IRQHandler 
                                                            ; 89:CAN1 SCE
  163 00000168         __Vectors_End
  164 00000168         
  165 00000168 00000168 
                       __Vectors_Size
                               EQU              __Vectors_End - __Vectors
  166 00000168         
  167 00000168                 AREA             |.text|, CODE, READONLY
  168 00000000         
  169 00000000         ;/* reset Handler */
  170 00000000         Reset_Handler
                               PROC
  171 00000000                 EXPORT           Reset_Handler                  
   [WEAK]
  172 00000000                 IMPORT           SystemInit
  173 00000000                 IMPORT           __main
  174 00000000 4806            LDR              R0, =SystemInit
  175 00000002 4780            BLX              R0
  176 00000004 4806            LDR              R0, =__main
  177 00000006 4700            BX               R0
  178 00000008                 ENDP
  179 00000008         
  180 00000008         ;/* dummy Exception Handlers */
  181 00000008         NMI_Handler
                               PROC
  182 00000008                 EXPORT           NMI_Handler                    
   [WEAK]
  183 00000008 E7FE            B                .
  184 0000000A                 ENDP
  186 0000000A         HardFault_Handler
                               PROC
  187 0000000A                 EXPORT           HardFault_Handler              
   [WEAK]
  188 0000000A E7FE            B                .
  189 0000000C                 ENDP
  191 0000000C         MemManage_Handler
                               PROC
  192 0000000C                 EXPORT           MemManage_Handler              
   [WEAK]
  193 0000000C E7FE            B                .
  194 0000000E                 ENDP
  196 0000000E         BusFault_Handler
                               PROC
  197 0000000E                 EXPORT           BusFault_Handler               



ARM Macro Assembler    Page 6 


   [WEAK]
  198 0000000E E7FE            B                .
  199 00000010                 ENDP
  201 00000010         UsageFault_Handler
                               PROC
  202 00000010                 EXPORT           UsageFault_Handler             
   [WEAK]
  203 00000010 E7FE            B                .
  204 00000012                 ENDP
  205 00000012         SVC_Handler
                               PROC
  206 00000012                 EXPORT           SVC_Handler                    
   [WEAK]
  207 00000012 E7FE            B                .
  208 00000014                 ENDP
  210 00000014         DebugMon_Handler
                               PROC
  211 00000014                 EXPORT           DebugMon_Handler               
   [WEAK]
  212 00000014 E7FE            B                .
  213 00000016                 ENDP
  215 00000016         PendSV_Handler
                               PROC
  216 00000016                 EXPORT           PendSV_Handler                 
   [WEAK]
  217 00000016 E7FE            B                .
  218 00000018                 ENDP
  220 00000018         SysTick_Handler
                               PROC
  221 00000018                 EXPORT           SysTick_Handler                
   [WEAK]
  222 00000018 E7FE            B                .
  223 0000001A                 ENDP
  224 0000001A         
  225 0000001A         Default_Handler
                               PROC
  226 0000001A         ;               /* external interrupts handler */
  227 0000001A                 EXPORT           WWDGT_IRQHandler               
   [WEAK]
  228 0000001A                 EXPORT           LVD_IRQHandler                 
   [WEAK]
  229 0000001A                 EXPORT           RTC_IRQHandler                 
   [WEAK]
  230 0000001A                 EXPORT           FMC_IRQHandler                 
   [WEAK]
  231 0000001A                 EXPORT           RCU_IRQHandler                 
   [WEAK]
  232 0000001A                 EXPORT           EXTI0_1_IRQHandler             
   [WEAK]
  233 0000001A                 EXPORT           EXTI2_3_IRQHandler             
   [WEAK]
  234 0000001A                 EXPORT           EXTI4_15_IRQHandler            
   [WEAK]
  235 0000001A                 EXPORT           TSI_IRQHandler                 
   [WEAK]
  236 0000001A                 EXPORT           DMA_Channel0_IRQHandler        
   [WEAK]
  237 0000001A                 EXPORT           DMA_Channel1_2_IRQHandler      
   [WEAK]



ARM Macro Assembler    Page 7 


  238 0000001A                 EXPORT           DMA_Channel3_4_IRQHandler      
   [WEAK]
  239 0000001A                 EXPORT           ADC_CMP_IRQHandler             
   [WEAK]
  240 0000001A                 EXPORT           TIMER0_BRK_UP_TRG_COM_IRQHandle
r  [WEAK]
  241 0000001A                 EXPORT           TIMER0_Channel_IRQHandler      
   [WEAK]
  242 0000001A                 EXPORT           TIMER1_IRQHandler              
   [WEAK]
  243 0000001A                 EXPORT           TIMER2_IRQHandler              
   [WEAK]
  244 0000001A                 EXPORT           TIMER5_DAC_IRQHandler          
   [WEAK]
  245 0000001A                 EXPORT           TIMER13_IRQHandler             
   [WEAK]
  246 0000001A                 EXPORT           TIMER14_IRQHandler             
   [WEAK]
  247 0000001A                 EXPORT           TIMER15_IRQHandler             
   [WEAK]
  248 0000001A                 EXPORT           TIMER16_IRQHandler             
   [WEAK]
  249 0000001A                 EXPORT           I2C0_EV_IRQHandler             
   [WEAK]
  250 0000001A                 EXPORT           I2C1_EV_IRQHandler             
   [WEAK]
  251 0000001A                 EXPORT           SPI0_IRQHandler                
   [WEAK]
  252 0000001A                 EXPORT           SPI1_IRQHandler                
   [WEAK]
  253 0000001A                 EXPORT           USART0_IRQHandler              
   [WEAK]
  254 0000001A                 EXPORT           USART1_IRQHandler              
   [WEAK]
  255 0000001A                 EXPORT           CEC_IRQHandler                 
   [WEAK]
  256 0000001A                 EXPORT           I2C0_ER_IRQHandler             
   [WEAK]
  257 0000001A                 EXPORT           I2C1_ER_IRQHandler             
   [WEAK]
  258 0000001A                 EXPORT           I2C2_EV_IRQHandler             
   [WEAK]
  259 0000001A                 EXPORT           I2C2_ER_IRQHandler             
   [WEAK]
  260 0000001A                 EXPORT           USBD_LP_IRQHandler             
   [WEAK]
  261 0000001A                 EXPORT           USBD_HP_IRQHandler             
   [WEAK]
  262 0000001A                 EXPORT           USBDWakeUp_IRQHandler          
   [WEAK]
  263 0000001A                 EXPORT           CAN0_TX_IRQHandler             
   [WEAK]
  264 0000001A                 EXPORT           CAN0_RX0_IRQHandler            
   [WEAK]
  265 0000001A                 EXPORT           CAN0_RX1_IRQHandler            
   [WEAK]
  266 0000001A                 EXPORT           CAN0_SCE_IRQHandler            
   [WEAK]
  267 0000001A                 EXPORT           SLCD_IRQHandler                



ARM Macro Assembler    Page 8 


   [WEAK]
  268 0000001A                 EXPORT           DMA_Channel5_6_IRQHandler      
   [WEAK]
  269 0000001A                 EXPORT           SPI2_IRQHandler                
   [WEAK]
  270 0000001A                 EXPORT           CAN1_TX_IRQHandler             
   [WEAK]
  271 0000001A                 EXPORT           CAN1_RX0_IRQHandler            
   [WEAK]
  272 0000001A                 EXPORT           CAN1_RX1_IRQHandler            
   [WEAK]
  273 0000001A                 EXPORT           CAN1_SCE_IRQHandler            
   [WEAK]
  274 0000001A         
  275 0000001A         ;/* external interrupts handler */
  276 0000001A         WWDGT_IRQHandler
  277 0000001A         LVD_IRQHandler
  278 0000001A         RTC_IRQHandler
  279 0000001A         FMC_IRQHandler
  280 0000001A         RCU_IRQHandler
  281 0000001A         EXTI0_1_IRQHandler
  282 0000001A         EXTI2_3_IRQHandler
  283 0000001A         EXTI4_15_IRQHandler
  284 0000001A         TSI_IRQHandler
  285 0000001A         DMA_Channel0_IRQHandler
  286 0000001A         DMA_Channel1_2_IRQHandler
  287 0000001A         DMA_Channel3_4_IRQHandler
  288 0000001A         ADC_CMP_IRQHandler
  289 0000001A         TIMER0_BRK_UP_TRG_COM_IRQHandler
  290 0000001A         TIMER0_Channel_IRQHandler
  291 0000001A         TIMER1_IRQHandler
  292 0000001A         TIMER2_IRQHandler
  293 0000001A         TIMER5_DAC_IRQHandler
  294 0000001A         TIMER13_IRQHandler
  295 0000001A         TIMER14_IRQHandler
  296 0000001A         TIMER15_IRQHandler
  297 0000001A         TIMER16_IRQHandler
  298 0000001A         I2C0_EV_IRQHandler
  299 0000001A         I2C1_EV_IRQHandler
  300 0000001A         SPI0_IRQHandler
  301 0000001A         SPI1_IRQHandler
  302 0000001A         USART0_IRQHandler
  303 0000001A         USART1_IRQHandler
  304 0000001A         CEC_IRQHandler
  305 0000001A         I2C0_ER_IRQHandler
  306 0000001A         I2C1_ER_IRQHandler
  307 0000001A         I2C2_EV_IRQHandler
  308 0000001A         I2C2_ER_IRQHandler
  309 0000001A         USBD_LP_IRQHandler
  310 0000001A         USBD_HP_IRQHandler
  311 0000001A         USBDWakeUp_IRQHandler
  312 0000001A         CAN0_TX_IRQHandler
  313 0000001A         CAN0_RX0_IRQHandler
  314 0000001A         CAN0_RX1_IRQHandler
  315 0000001A         CAN0_SCE_IRQHandler
  316 0000001A         SLCD_IRQHandler
  317 0000001A         DMA_Channel5_6_IRQHandler
  318 0000001A         SPI2_IRQHandler
  319 0000001A         CAN1_TX_IRQHandler



ARM Macro Assembler    Page 9 


  320 0000001A         CAN1_RX0_IRQHandler
  321 0000001A         CAN1_RX1_IRQHandler
  322 0000001A         CAN1_SCE_IRQHandler
  323 0000001A E7FE            B                .
  324 0000001C                 ENDP
  325 0000001C         
  326 0000001C                 ALIGN
  327 0000001C         
  328 0000001C         ; user Initial Stack & Heap
  329 0000001C         
  330 0000001C                 IF               :DEF:__MICROLIB
  331 0000001C         
  332 0000001C                 EXPORT           __initial_sp
  333 0000001C                 EXPORT           __heap_base
  334 0000001C                 EXPORT           __heap_limit
  335 0000001C         
  336 0000001C                 ELSE
  351                          ENDIF
  352 0000001C         
  353 0000001C                 END
              00000000 
              00000000 
Command Line: --debug --xref --diag_suppress=9931 --cpu=Cortex-M3 --apcs=interw
ork --depend=.\objects\startup_gd32f1x0.d -o.\objects\startup_gd32f1x0.o -IY:\g
d32\ServoDrive\RTE -IY:\KEIL5\ARM\PACK\GigaDevice\GD32F1x0_DFP\3.2.0\Device\Inc
lude -IY:\KEIL5\ARM\CMSIS\Include --predefine="__EVAL SETA 1" --predefine="__MI
CROLIB SETA 1" --predefine="__UVISION_VERSION SETA 517" --predefine="GD32F1x0 S
ETA 1" --predefine="GD32F130_150 SETA 1" --predefine="USE_STDPERIPH_DRIVER SETA
 1" --list=.\listings\startup_gd32f1x0.lst GD32F1x0_Firmware_Library\CMSIS\GD\G
D32F1x0\Source\ARM\startup_gd32f1x0.s



ARM Macro Assembler    Page 1 Alphabetic symbol ordering
Relocatable symbols

STACK 00000000

Symbol: STACK
   Definitions
      At line 46 in file GD32F1x0_Firmware_Library\CMSIS\GD\GD32F1x0\Source\ARM
\startup_gd32f1x0.s
   Uses
      None
Comment: STACK unused
Stack_Mem 00000000

Symbol: Stack_Mem
   Definitions
      At line 47 in file GD32F1x0_Firmware_Library\CMSIS\GD\GD32F1x0\Source\ARM
\startup_gd32f1x0.s
   Uses
      None
Comment: Stack_Mem unused
__initial_sp 00000400

Symbol: __initial_sp
   Definitions
      At line 48 in file GD32F1x0_Firmware_Library\CMSIS\GD\GD32F1x0\Source\ARM
\startup_gd32f1x0.s
   Uses
      At line 71 in file GD32F1x0_Firmware_Library\CMSIS\GD\GD32F1x0\Source\ARM
\startup_gd32f1x0.s
      At line 332 in file GD32F1x0_Firmware_Library\CMSIS\GD\GD32F1x0\Source\AR
M\startup_gd32f1x0.s

3 symbols



ARM Macro Assembler    Page 1 Alphabetic symbol ordering
Relocatable symbols

HEAP 00000000

Symbol: HEAP
   Definitions
      At line 57 in file GD32F1x0_Firmware_Library\CMSIS\GD\GD32F1x0\Source\ARM
\startup_gd32f1x0.s
   Uses
      None
Comment: HEAP unused
Heap_Mem 00000000

Symbol: Heap_Mem
   Definitions
      At line 59 in file GD32F1x0_Firmware_Library\CMSIS\GD\GD32F1x0\Source\ARM
\startup_gd32f1x0.s
   Uses
      None
Comment: Heap_Mem unused
__heap_base 00000000

Symbol: __heap_base
   Definitions
      At line 58 in file GD32F1x0_Firmware_Library\CMSIS\GD\GD32F1x0\Source\ARM
\startup_gd32f1x0.s
   Uses
      At line 333 in file GD32F1x0_Firmware_Library\CMSIS\GD\GD32F1x0\Source\AR
M\startup_gd32f1x0.s
Comment: __heap_base used once
__heap_limit 00000400

Symbol: __heap_limit
   Definitions
      At line 60 in file GD32F1x0_Firmware_Library\CMSIS\GD\GD32F1x0\Source\ARM
\startup_gd32f1x0.s
   Uses
      At line 334 in file GD32F1x0_Firmware_Library\CMSIS\GD\GD32F1x0\Source\AR
M\startup_gd32f1x0.s
Comment: __heap_limit used once
4 symbols



ARM Macro Assembler    Page 1 Alphabetic symbol ordering
Relocatable symbols

RESET 00000000

Symbol: RESET
   Definitions
      At line 66 in file GD32F1x0_Firmware_Library\CMSIS\GD\GD32F1x0\Source\ARM
\startup_gd32f1x0.s
   Uses
      None
Comment: RESET unused
__Vectors 00000000

Symbol: __Vectors
   Definitions
      At line 71 in file GD32F1x0_Firmware_Library\CMSIS\GD\GD32F1x0\Source\ARM
\startup_gd32f1x0.s
   Uses
      At line 67 in file GD32F1x0_Firmware_Library\CMSIS\GD\GD32F1x0\Source\ARM
\startup_gd32f1x0.s
      At line 165 in file GD32F1x0_Firmware_Library\CMSIS\GD\GD32F1x0\Source\AR
M\startup_gd32f1x0.s

__Vectors_End 00000168

Symbol: __Vectors_End
   Definitions
      At line 163 in file GD32F1x0_Firmware_Library\CMSIS\GD\GD32F1x0\Source\AR
M\startup_gd32f1x0.s
   Uses
      At line 68 in file GD32F1x0_Firmware_Library\CMSIS\GD\GD32F1x0\Source\ARM
\startup_gd32f1x0.s
      At line 165 in file GD32F1x0_Firmware_Library\CMSIS\GD\GD32F1x0\Source\AR
M\startup_gd32f1x0.s

3 symbols



ARM Macro Assembler    Page 1 Alphabetic symbol ordering
Relocatable symbols

.text 00000000

Symbol: .text
   Definitions
      At line 167 in file GD32F1x0_Firmware_Library\CMSIS\GD\GD32F1x0\Source\AR
M\startup_gd32f1x0.s
   Uses
      None
Comment: .text unused
ADC_CMP_IRQHandler 0000001A

Symbol: ADC_CMP_IRQHandler
   Definitions
      At line 288 in file GD32F1x0_Firmware_Library\CMSIS\GD\GD32F1x0\Source\AR
M\startup_gd32f1x0.s
   Uses
      At line 101 in file GD32F1x0_Firmware_Library\CMSIS\GD\GD32F1x0\Source\AR
M\startup_gd32f1x0.s
      At line 239 in file GD32F1x0_Firmware_Library\CMSIS\GD\GD32F1x0\Source\AR
M\startup_gd32f1x0.s

BusFault_Handler 0000000E

Symbol: BusFault_Handler
   Definitions
      At line 196 in file GD32F1x0_Firmware_Library\CMSIS\GD\GD32F1x0\Source\AR
M\startup_gd32f1x0.s
   Uses
      At line 76 in file GD32F1x0_Firmware_Library\CMSIS\GD\GD32F1x0\Source\ARM
\startup_gd32f1x0.s
      At line 197 in file GD32F1x0_Firmware_Library\CMSIS\GD\GD32F1x0\Source\AR
M\startup_gd32f1x0.s

CAN0_RX0_IRQHandler 0000001A

Symbol: CAN0_RX0_IRQHandler
   Definitions
      At line 313 in file GD32F1x0_Firmware_Library\CMSIS\GD\GD32F1x0\Source\AR
M\startup_gd32f1x0.s
   Uses
      At line 133 in file GD32F1x0_Firmware_Library\CMSIS\GD\GD32F1x0\Source\AR
M\startup_gd32f1x0.s
      At line 264 in file GD32F1x0_Firmware_Library\CMSIS\GD\GD32F1x0\Source\AR
M\startup_gd32f1x0.s

CAN0_RX1_IRQHandler 0000001A

Symbol: CAN0_RX1_IRQHandler
   Definitions
      At line 314 in file GD32F1x0_Firmware_Library\CMSIS\GD\GD32F1x0\Source\AR
M\startup_gd32f1x0.s
   Uses
      At line 134 in file GD32F1x0_Firmware_Library\CMSIS\GD\GD32F1x0\Source\AR
M\startup_gd32f1x0.s
      At line 265 in file GD32F1x0_Firmware_Library\CMSIS\GD\GD32F1x0\Source\AR
M\startup_gd32f1x0.s

CAN0_SCE_IRQHandler 0000001A




ARM Macro Assembler    Page 2 Alphabetic symbol ordering
Relocatable symbols

Symbol: CAN0_SCE_IRQHandler
   Definitions
      At line 315 in file GD32F1x0_Firmware_Library\CMSIS\GD\GD32F1x0\Source\AR
M\startup_gd32f1x0.s
   Uses
      At line 135 in file GD32F1x0_Firmware_Library\CMSIS\GD\GD32F1x0\Source\AR
M\startup_gd32f1x0.s
      At line 266 in file GD32F1x0_Firmware_Library\CMSIS\GD\GD32F1x0\Source\AR
M\startup_gd32f1x0.s

CAN0_TX_IRQHandler 0000001A

Symbol: CAN0_TX_IRQHandler
   Definitions
      At line 312 in file GD32F1x0_Firmware_Library\CMSIS\GD\GD32F1x0\Source\AR
M\startup_gd32f1x0.s
   Uses
      At line 132 in file GD32F1x0_Firmware_Library\CMSIS\GD\GD32F1x0\Source\AR
M\startup_gd32f1x0.s
      At line 263 in file GD32F1x0_Firmware_Library\CMSIS\GD\GD32F1x0\Source\AR
M\startup_gd32f1x0.s

CAN1_RX0_IRQHandler 0000001A

Symbol: CAN1_RX0_IRQHandler
   Definitions
      At line 320 in file GD32F1x0_Firmware_Library\CMSIS\GD\GD32F1x0\Source\AR
M\startup_gd32f1x0.s
   Uses
      At line 160 in file GD32F1x0_Firmware_Library\CMSIS\GD\GD32F1x0\Source\AR
M\startup_gd32f1x0.s
      At line 271 in file GD32F1x0_Firmware_Library\CMSIS\GD\GD32F1x0\Source\AR
M\startup_gd32f1x0.s

CAN1_RX1_IRQHandler 0000001A

Symbol: CAN1_RX1_IRQHandler
   Definitions
      At line 321 in file GD32F1x0_Firmware_Library\CMSIS\GD\GD32F1x0\Source\AR
M\startup_gd32f1x0.s
   Uses
      At line 161 in file GD32F1x0_Firmware_Library\CMSIS\GD\GD32F1x0\Source\AR
M\startup_gd32f1x0.s
      At line 272 in file GD32F1x0_Firmware_Library\CMSIS\GD\GD32F1x0\Source\AR
M\startup_gd32f1x0.s

CAN1_SCE_IRQHandler 0000001A

Symbol: CAN1_SCE_IRQHandler
   Definitions
      At line 322 in file GD32F1x0_Firmware_Library\CMSIS\GD\GD32F1x0\Source\AR
M\startup_gd32f1x0.s
   Uses
      At line 162 in file GD32F1x0_Firmware_Library\CMSIS\GD\GD32F1x0\Source\AR
M\startup_gd32f1x0.s
      At line 273 in file GD32F1x0_Firmware_Library\CMSIS\GD\GD32F1x0\Source\AR
M\startup_gd32f1x0.s

CAN1_TX_IRQHandler 0000001A



ARM Macro Assembler    Page 3 Alphabetic symbol ordering
Relocatable symbols


Symbol: CAN1_TX_IRQHandler
   Definitions
      At line 319 in file GD32F1x0_Firmware_Library\CMSIS\GD\GD32F1x0\Source\AR
M\startup_gd32f1x0.s
   Uses
      At line 159 in file GD32F1x0_Firmware_Library\CMSIS\GD\GD32F1x0\Source\AR
M\startup_gd32f1x0.s
      At line 270 in file GD32F1x0_Firmware_Library\CMSIS\GD\GD32F1x0\Source\AR
M\startup_gd32f1x0.s

CEC_IRQHandler 0000001A

Symbol: CEC_IRQHandler
   Definitions
      At line 304 in file GD32F1x0_Firmware_Library\CMSIS\GD\GD32F1x0\Source\AR
M\startup_gd32f1x0.s
   Uses
      At line 119 in file GD32F1x0_Firmware_Library\CMSIS\GD\GD32F1x0\Source\AR
M\startup_gd32f1x0.s
      At line 255 in file GD32F1x0_Firmware_Library\CMSIS\GD\GD32F1x0\Source\AR
M\startup_gd32f1x0.s

DMA_Channel0_IRQHandler 0000001A

Symbol: DMA_Channel0_IRQHandler
   Definitions
      At line 285 in file GD32F1x0_Firmware_Library\CMSIS\GD\GD32F1x0\Source\AR
M\startup_gd32f1x0.s
   Uses
      At line 98 in file GD32F1x0_Firmware_Library\CMSIS\GD\GD32F1x0\Source\ARM
\startup_gd32f1x0.s
      At line 236 in file GD32F1x0_Firmware_Library\CMSIS\GD\GD32F1x0\Source\AR
M\startup_gd32f1x0.s

DMA_Channel1_2_IRQHandler 0000001A

Symbol: DMA_Channel1_2_IRQHandler
   Definitions
      At line 286 in file GD32F1x0_Firmware_Library\CMSIS\GD\GD32F1x0\Source\AR
M\startup_gd32f1x0.s
   Uses
      At line 99 in file GD32F1x0_Firmware_Library\CMSIS\GD\GD32F1x0\Source\ARM
\startup_gd32f1x0.s
      At line 237 in file GD32F1x0_Firmware_Library\CMSIS\GD\GD32F1x0\Source\AR
M\startup_gd32f1x0.s

DMA_Channel3_4_IRQHandler 0000001A

Symbol: DMA_Channel3_4_IRQHandler
   Definitions
      At line 287 in file GD32F1x0_Firmware_Library\CMSIS\GD\GD32F1x0\Source\AR
M\startup_gd32f1x0.s
   Uses
      At line 100 in file GD32F1x0_Firmware_Library\CMSIS\GD\GD32F1x0\Source\AR
M\startup_gd32f1x0.s
      At line 238 in file GD32F1x0_Firmware_Library\CMSIS\GD\GD32F1x0\Source\AR
M\startup_gd32f1x0.s




ARM Macro Assembler    Page 4 Alphabetic symbol ordering
Relocatable symbols

DMA_Channel5_6_IRQHandler 0000001A

Symbol: DMA_Channel5_6_IRQHandler
   Definitions
      At line 317 in file GD32F1x0_Firmware_Library\CMSIS\GD\GD32F1x0\Source\AR
M\startup_gd32f1x0.s
   Uses
      At line 137 in file GD32F1x0_Firmware_Library\CMSIS\GD\GD32F1x0\Source\AR
M\startup_gd32f1x0.s
      At line 268 in file GD32F1x0_Firmware_Library\CMSIS\GD\GD32F1x0\Source\AR
M\startup_gd32f1x0.s

DebugMon_Handler 00000014

Symbol: DebugMon_Handler
   Definitions
      At line 210 in file GD32F1x0_Firmware_Library\CMSIS\GD\GD32F1x0\Source\AR
M\startup_gd32f1x0.s
   Uses
      At line 83 in file GD32F1x0_Firmware_Library\CMSIS\GD\GD32F1x0\Source\ARM
\startup_gd32f1x0.s
      At line 211 in file GD32F1x0_Firmware_Library\CMSIS\GD\GD32F1x0\Source\AR
M\startup_gd32f1x0.s

Default_Handler 0000001A

Symbol: Default_Handler
   Definitions
      At line 225 in file GD32F1x0_Firmware_Library\CMSIS\GD\GD32F1x0\Source\AR
M\startup_gd32f1x0.s
   Uses
      None
Comment: Default_Handler unused
EXTI0_1_IRQHandler 0000001A

Symbol: EXTI0_1_IRQHandler
   Definitions
      At line 281 in file GD32F1x0_Firmware_Library\CMSIS\GD\GD32F1x0\Source\AR
M\startup_gd32f1x0.s
   Uses
      At line 94 in file GD32F1x0_Firmware_Library\CMSIS\GD\GD32F1x0\Source\ARM
\startup_gd32f1x0.s
      At line 232 in file GD32F1x0_Firmware_Library\CMSIS\GD\GD32F1x0\Source\AR
M\startup_gd32f1x0.s

EXTI2_3_IRQHandler 0000001A

Symbol: EXTI2_3_IRQHandler
   Definitions
      At line 282 in file GD32F1x0_Firmware_Library\CMSIS\GD\GD32F1x0\Source\AR
M\startup_gd32f1x0.s
   Uses
      At line 95 in file GD32F1x0_Firmware_Library\CMSIS\GD\GD32F1x0\Source\ARM
\startup_gd32f1x0.s
      At line 233 in file GD32F1x0_Firmware_Library\CMSIS\GD\GD32F1x0\Source\AR
M\startup_gd32f1x0.s

EXTI4_15_IRQHandler 0000001A




ARM Macro Assembler    Page 5 Alphabetic symbol ordering
Relocatable symbols

Symbol: EXTI4_15_IRQHandler
   Definitions
      At line 283 in file GD32F1x0_Firmware_Library\CMSIS\GD\GD32F1x0\Source\AR
M\startup_gd32f1x0.s
   Uses
      At line 96 in file GD32F1x0_Firmware_Library\CMSIS\GD\GD32F1x0\Source\ARM
\startup_gd32f1x0.s
      At line 234 in file GD32F1x0_Firmware_Library\CMSIS\GD\GD32F1x0\Source\AR
M\startup_gd32f1x0.s

FMC_IRQHandler 0000001A

Symbol: FMC_IRQHandler
   Definitions
      At line 279 in file GD32F1x0_Firmware_Library\CMSIS\GD\GD32F1x0\Source\AR
M\startup_gd32f1x0.s
   Uses
      At line 92 in file GD32F1x0_Firmware_Library\CMSIS\GD\GD32F1x0\Source\ARM
\startup_gd32f1x0.s
      At line 230 in file GD32F1x0_Firmware_Library\CMSIS\GD\GD32F1x0\Source\AR
M\startup_gd32f1x0.s

HardFault_Handler 0000000A

Symbol: HardFault_Handler
   Definitions
      At line 186 in file GD32F1x0_Firmware_Library\CMSIS\GD\GD32F1x0\Source\AR
M\startup_gd32f1x0.s
   Uses
      At line 74 in file GD32F1x0_Firmware_Library\CMSIS\GD\GD32F1x0\Source\ARM
\startup_gd32f1x0.s
      At line 187 in file GD32F1x0_Firmware_Library\CMSIS\GD\GD32F1x0\Source\AR
M\startup_gd32f1x0.s

I2C0_ER_IRQHandler 0000001A

Symbol: I2C0_ER_IRQHandler
   Definitions
      At line 305 in file GD32F1x0_Firmware_Library\CMSIS\GD\GD32F1x0\Source\AR
M\startup_gd32f1x0.s
   Uses
      At line 121 in file GD32F1x0_Firmware_Library\CMSIS\GD\GD32F1x0\Source\AR
M\startup_gd32f1x0.s
      At line 256 in file GD32F1x0_Firmware_Library\CMSIS\GD\GD32F1x0\Source\AR
M\startup_gd32f1x0.s

I2C0_EV_IRQHandler 0000001A

Symbol: I2C0_EV_IRQHandler
   Definitions
      At line 298 in file GD32F1x0_Firmware_Library\CMSIS\GD\GD32F1x0\Source\AR
M\startup_gd32f1x0.s
   Uses
      At line 112 in file GD32F1x0_Firmware_Library\CMSIS\GD\GD32F1x0\Source\AR
M\startup_gd32f1x0.s
      At line 249 in file GD32F1x0_Firmware_Library\CMSIS\GD\GD32F1x0\Source\AR
M\startup_gd32f1x0.s

I2C1_ER_IRQHandler 0000001A



ARM Macro Assembler    Page 6 Alphabetic symbol ordering
Relocatable symbols


Symbol: I2C1_ER_IRQHandler
   Definitions
      At line 306 in file GD32F1x0_Firmware_Library\CMSIS\GD\GD32F1x0\Source\AR
M\startup_gd32f1x0.s
   Uses
      At line 123 in file GD32F1x0_Firmware_Library\CMSIS\GD\GD32F1x0\Source\AR
M\startup_gd32f1x0.s
      At line 257 in file GD32F1x0_Firmware_Library\CMSIS\GD\GD32F1x0\Source\AR
M\startup_gd32f1x0.s

I2C1_EV_IRQHandler 0000001A

Symbol: I2C1_EV_IRQHandler
   Definitions
      At line 299 in file GD32F1x0_Firmware_Library\CMSIS\GD\GD32F1x0\Source\AR
M\startup_gd32f1x0.s
   Uses
      At line 113 in file GD32F1x0_Firmware_Library\CMSIS\GD\GD32F1x0\Source\AR
M\startup_gd32f1x0.s
      At line 250 in file GD32F1x0_Firmware_Library\CMSIS\GD\GD32F1x0\Source\AR
M\startup_gd32f1x0.s

I2C2_ER_IRQHandler 0000001A

Symbol: I2C2_ER_IRQHandler
   Definitions
      At line 308 in file GD32F1x0_Firmware_Library\CMSIS\GD\GD32F1x0\Source\AR
M\startup_gd32f1x0.s
   Uses
      At line 125 in file GD32F1x0_Firmware_Library\CMSIS\GD\GD32F1x0\Source\AR
M\startup_gd32f1x0.s
      At line 259 in file GD32F1x0_Firmware_Library\CMSIS\GD\GD32F1x0\Source\AR
M\startup_gd32f1x0.s

I2C2_EV_IRQHandler 0000001A

Symbol: I2C2_EV_IRQHandler
   Definitions
      At line 307 in file GD32F1x0_Firmware_Library\CMSIS\GD\GD32F1x0\Source\AR
M\startup_gd32f1x0.s
   Uses
      At line 124 in file GD32F1x0_Firmware_Library\CMSIS\GD\GD32F1x0\Source\AR
M\startup_gd32f1x0.s
      At line 258 in file GD32F1x0_Firmware_Library\CMSIS\GD\GD32F1x0\Source\AR
M\startup_gd32f1x0.s

LVD_IRQHandler 0000001A

Symbol: LVD_IRQHandler
   Definitions
      At line 277 in file GD32F1x0_Firmware_Library\CMSIS\GD\GD32F1x0\Source\AR
M\startup_gd32f1x0.s
   Uses
      At line 90 in file GD32F1x0_Firmware_Library\CMSIS\GD\GD32F1x0\Source\ARM
\startup_gd32f1x0.s
      At line 228 in file GD32F1x0_Firmware_Library\CMSIS\GD\GD32F1x0\Source\AR
M\startup_gd32f1x0.s




ARM Macro Assembler    Page 7 Alphabetic symbol ordering
Relocatable symbols

MemManage_Handler 0000000C

Symbol: MemManage_Handler
   Definitions
      At line 191 in file GD32F1x0_Firmware_Library\CMSIS\GD\GD32F1x0\Source\AR
M\startup_gd32f1x0.s
   Uses
      At line 75 in file GD32F1x0_Firmware_Library\CMSIS\GD\GD32F1x0\Source\ARM
\startup_gd32f1x0.s
      At line 192 in file GD32F1x0_Firmware_Library\CMSIS\GD\GD32F1x0\Source\AR
M\startup_gd32f1x0.s

NMI_Handler 00000008

Symbol: NMI_Handler
   Definitions
      At line 181 in file GD32F1x0_Firmware_Library\CMSIS\GD\GD32F1x0\Source\AR
M\startup_gd32f1x0.s
   Uses
      At line 73 in file GD32F1x0_Firmware_Library\CMSIS\GD\GD32F1x0\Source\ARM
\startup_gd32f1x0.s
      At line 182 in file GD32F1x0_Firmware_Library\CMSIS\GD\GD32F1x0\Source\AR
M\startup_gd32f1x0.s

PendSV_Handler 00000016

Symbol: PendSV_Handler
   Definitions
      At line 215 in file GD32F1x0_Firmware_Library\CMSIS\GD\GD32F1x0\Source\AR
M\startup_gd32f1x0.s
   Uses
      At line 85 in file GD32F1x0_Firmware_Library\CMSIS\GD\GD32F1x0\Source\ARM
\startup_gd32f1x0.s
      At line 216 in file GD32F1x0_Firmware_Library\CMSIS\GD\GD32F1x0\Source\AR
M\startup_gd32f1x0.s

RCU_IRQHandler 0000001A

Symbol: RCU_IRQHandler
   Definitions
      At line 280 in file GD32F1x0_Firmware_Library\CMSIS\GD\GD32F1x0\Source\AR
M\startup_gd32f1x0.s
   Uses
      At line 93 in file GD32F1x0_Firmware_Library\CMSIS\GD\GD32F1x0\Source\ARM
\startup_gd32f1x0.s
      At line 231 in file GD32F1x0_Firmware_Library\CMSIS\GD\GD32F1x0\Source\AR
M\startup_gd32f1x0.s

RTC_IRQHandler 0000001A

Symbol: RTC_IRQHandler
   Definitions
      At line 278 in file GD32F1x0_Firmware_Library\CMSIS\GD\GD32F1x0\Source\AR
M\startup_gd32f1x0.s
   Uses
      At line 91 in file GD32F1x0_Firmware_Library\CMSIS\GD\GD32F1x0\Source\ARM
\startup_gd32f1x0.s
      At line 229 in file GD32F1x0_Firmware_Library\CMSIS\GD\GD32F1x0\Source\AR
M\startup_gd32f1x0.s



ARM Macro Assembler    Page 8 Alphabetic symbol ordering
Relocatable symbols


Reset_Handler 00000000

Symbol: Reset_Handler
   Definitions
      At line 170 in file GD32F1x0_Firmware_Library\CMSIS\GD\GD32F1x0\Source\AR
M\startup_gd32f1x0.s
   Uses
      At line 72 in file GD32F1x0_Firmware_Library\CMSIS\GD\GD32F1x0\Source\ARM
\startup_gd32f1x0.s
      At line 171 in file GD32F1x0_Firmware_Library\CMSIS\GD\GD32F1x0\Source\AR
M\startup_gd32f1x0.s

SLCD_IRQHandler 0000001A

Symbol: SLCD_IRQHandler
   Definitions
      At line 316 in file GD32F1x0_Firmware_Library\CMSIS\GD\GD32F1x0\Source\AR
M\startup_gd32f1x0.s
   Uses
      At line 136 in file GD32F1x0_Firmware_Library\CMSIS\GD\GD32F1x0\Source\AR
M\startup_gd32f1x0.s
      At line 267 in file GD32F1x0_Firmware_Library\CMSIS\GD\GD32F1x0\Source\AR
M\startup_gd32f1x0.s

SPI0_IRQHandler 0000001A

Symbol: SPI0_IRQHandler
   Definitions
      At line 300 in file GD32F1x0_Firmware_Library\CMSIS\GD\GD32F1x0\Source\AR
M\startup_gd32f1x0.s
   Uses
      At line 114 in file GD32F1x0_Firmware_Library\CMSIS\GD\GD32F1x0\Source\AR
M\startup_gd32f1x0.s
      At line 251 in file GD32F1x0_Firmware_Library\CMSIS\GD\GD32F1x0\Source\AR
M\startup_gd32f1x0.s

SPI1_IRQHandler 0000001A

Symbol: SPI1_IRQHandler
   Definitions
      At line 301 in file GD32F1x0_Firmware_Library\CMSIS\GD\GD32F1x0\Source\AR
M\startup_gd32f1x0.s
   Uses
      At line 115 in file GD32F1x0_Firmware_Library\CMSIS\GD\GD32F1x0\Source\AR
M\startup_gd32f1x0.s
      At line 252 in file GD32F1x0_Firmware_Library\CMSIS\GD\GD32F1x0\Source\AR
M\startup_gd32f1x0.s

SPI2_IRQHandler 0000001A

Symbol: SPI2_IRQHandler
   Definitions
      At line 318 in file GD32F1x0_Firmware_Library\CMSIS\GD\GD32F1x0\Source\AR
M\startup_gd32f1x0.s
   Uses
      At line 140 in file GD32F1x0_Firmware_Library\CMSIS\GD\GD32F1x0\Source\AR
M\startup_gd32f1x0.s
      At line 269 in file GD32F1x0_Firmware_Library\CMSIS\GD\GD32F1x0\Source\AR



ARM Macro Assembler    Page 9 Alphabetic symbol ordering
Relocatable symbols

M\startup_gd32f1x0.s

SVC_Handler 00000012

Symbol: SVC_Handler
   Definitions
      At line 205 in file GD32F1x0_Firmware_Library\CMSIS\GD\GD32F1x0\Source\AR
M\startup_gd32f1x0.s
   Uses
      At line 82 in file GD32F1x0_Firmware_Library\CMSIS\GD\GD32F1x0\Source\ARM
\startup_gd32f1x0.s
      At line 206 in file GD32F1x0_Firmware_Library\CMSIS\GD\GD32F1x0\Source\AR
M\startup_gd32f1x0.s

SysTick_Handler 00000018

Symbol: SysTick_Handler
   Definitions
      At line 220 in file GD32F1x0_Firmware_Library\CMSIS\GD\GD32F1x0\Source\AR
M\startup_gd32f1x0.s
   Uses
      At line 86 in file GD32F1x0_Firmware_Library\CMSIS\GD\GD32F1x0\Source\ARM
\startup_gd32f1x0.s
      At line 221 in file GD32F1x0_Firmware_Library\CMSIS\GD\GD32F1x0\Source\AR
M\startup_gd32f1x0.s

TIMER0_BRK_UP_TRG_COM_IRQHandler 0000001A

Symbol: TIMER0_BRK_UP_TRG_COM_IRQHandler
   Definitions
      At line 289 in file GD32F1x0_Firmware_Library\CMSIS\GD\GD32F1x0\Source\AR
M\startup_gd32f1x0.s
   Uses
      At line 102 in file GD32F1x0_Firmware_Library\CMSIS\GD\GD32F1x0\Source\AR
M\startup_gd32f1x0.s
      At line 240 in file GD32F1x0_Firmware_Library\CMSIS\GD\GD32F1x0\Source\AR
M\startup_gd32f1x0.s

TIMER0_Channel_IRQHandler 0000001A

Symbol: TIMER0_Channel_IRQHandler
   Definitions
      At line 290 in file GD32F1x0_Firmware_Library\CMSIS\GD\GD32F1x0\Source\AR
M\startup_gd32f1x0.s
   Uses
      At line 103 in file GD32F1x0_Firmware_Library\CMSIS\GD\GD32F1x0\Source\AR
M\startup_gd32f1x0.s
      At line 241 in file GD32F1x0_Firmware_Library\CMSIS\GD\GD32F1x0\Source\AR
M\startup_gd32f1x0.s

TIMER13_IRQHandler 0000001A

Symbol: TIMER13_IRQHandler
   Definitions
      At line 294 in file GD32F1x0_Firmware_Library\CMSIS\GD\GD32F1x0\Source\AR
M\startup_gd32f1x0.s
   Uses
      At line 108 in file GD32F1x0_Firmware_Library\CMSIS\GD\GD32F1x0\Source\AR
M\startup_gd32f1x0.s



ARM Macro Assembler    Page 10 Alphabetic symbol ordering
Relocatable symbols

      At line 245 in file GD32F1x0_Firmware_Library\CMSIS\GD\GD32F1x0\Source\AR
M\startup_gd32f1x0.s

TIMER14_IRQHandler 0000001A

Symbol: TIMER14_IRQHandler
   Definitions
      At line 295 in file GD32F1x0_Firmware_Library\CMSIS\GD\GD32F1x0\Source\AR
M\startup_gd32f1x0.s
   Uses
      At line 109 in file GD32F1x0_Firmware_Library\CMSIS\GD\GD32F1x0\Source\AR
M\startup_gd32f1x0.s
      At line 246 in file GD32F1x0_Firmware_Library\CMSIS\GD\GD32F1x0\Source\AR
M\startup_gd32f1x0.s

TIMER15_IRQHandler 0000001A

Symbol: TIMER15_IRQHandler
   Definitions
      At line 296 in file GD32F1x0_Firmware_Library\CMSIS\GD\GD32F1x0\Source\AR
M\startup_gd32f1x0.s
   Uses
      At line 110 in file GD32F1x0_Firmware_Library\CMSIS\GD\GD32F1x0\Source\AR
M\startup_gd32f1x0.s
      At line 247 in file GD32F1x0_Firmware_Library\CMSIS\GD\GD32F1x0\Source\AR
M\startup_gd32f1x0.s

TIMER16_IRQHandler 0000001A

Symbol: TIMER16_IRQHandler
   Definitions
      At line 297 in file GD32F1x0_Firmware_Library\CMSIS\GD\GD32F1x0\Source\AR
M\startup_gd32f1x0.s
   Uses
      At line 111 in file GD32F1x0_Firmware_Library\CMSIS\GD\GD32F1x0\Source\AR
M\startup_gd32f1x0.s
      At line 248 in file GD32F1x0_Firmware_Library\CMSIS\GD\GD32F1x0\Source\AR
M\startup_gd32f1x0.s

TIMER1_IRQHandler 0000001A

Symbol: TIMER1_IRQHandler
   Definitions
      At line 291 in file GD32F1x0_Firmware_Library\CMSIS\GD\GD32F1x0\Source\AR
M\startup_gd32f1x0.s
   Uses
      At line 104 in file GD32F1x0_Firmware_Library\CMSIS\GD\GD32F1x0\Source\AR
M\startup_gd32f1x0.s
      At line 242 in file GD32F1x0_Firmware_Library\CMSIS\GD\GD32F1x0\Source\AR
M\startup_gd32f1x0.s

TIMER2_IRQHandler 0000001A

Symbol: TIMER2_IRQHandler
   Definitions
      At line 292 in file GD32F1x0_Firmware_Library\CMSIS\GD\GD32F1x0\Source\AR
M\startup_gd32f1x0.s
   Uses
      At line 105 in file GD32F1x0_Firmware_Library\CMSIS\GD\GD32F1x0\Source\AR



ARM Macro Assembler    Page 11 Alphabetic symbol ordering
Relocatable symbols

M\startup_gd32f1x0.s
      At line 243 in file GD32F1x0_Firmware_Library\CMSIS\GD\GD32F1x0\Source\AR
M\startup_gd32f1x0.s

TIMER5_DAC_IRQHandler 0000001A

Symbol: TIMER5_DAC_IRQHandler
   Definitions
      At line 293 in file GD32F1x0_Firmware_Library\CMSIS\GD\GD32F1x0\Source\AR
M\startup_gd32f1x0.s
   Uses
      At line 106 in file GD32F1x0_Firmware_Library\CMSIS\GD\GD32F1x0\Source\AR
M\startup_gd32f1x0.s
      At line 244 in file GD32F1x0_Firmware_Library\CMSIS\GD\GD32F1x0\Source\AR
M\startup_gd32f1x0.s

TSI_IRQHandler 0000001A

Symbol: TSI_IRQHandler
   Definitions
      At line 284 in file GD32F1x0_Firmware_Library\CMSIS\GD\GD32F1x0\Source\AR
M\startup_gd32f1x0.s
   Uses
      At line 97 in file GD32F1x0_Firmware_Library\CMSIS\GD\GD32F1x0\Source\ARM
\startup_gd32f1x0.s
      At line 235 in file GD32F1x0_Firmware_Library\CMSIS\GD\GD32F1x0\Source\AR
M\startup_gd32f1x0.s

USART0_IRQHandler 0000001A

Symbol: USART0_IRQHandler
   Definitions
      At line 302 in file GD32F1x0_Firmware_Library\CMSIS\GD\GD32F1x0\Source\AR
M\startup_gd32f1x0.s
   Uses
      At line 116 in file GD32F1x0_Firmware_Library\CMSIS\GD\GD32F1x0\Source\AR
M\startup_gd32f1x0.s
      At line 253 in file GD32F1x0_Firmware_Library\CMSIS\GD\GD32F1x0\Source\AR
M\startup_gd32f1x0.s

USART1_IRQHandler 0000001A

Symbol: USART1_IRQHandler
   Definitions
      At line 303 in file GD32F1x0_Firmware_Library\CMSIS\GD\GD32F1x0\Source\AR
M\startup_gd32f1x0.s
   Uses
      At line 117 in file GD32F1x0_Firmware_Library\CMSIS\GD\GD32F1x0\Source\AR
M\startup_gd32f1x0.s
      At line 254 in file GD32F1x0_Firmware_Library\CMSIS\GD\GD32F1x0\Source\AR
M\startup_gd32f1x0.s

USBDWakeUp_IRQHandler 0000001A

Symbol: USBDWakeUp_IRQHandler
   Definitions
      At line 311 in file GD32F1x0_Firmware_Library\CMSIS\GD\GD32F1x0\Source\AR
M\startup_gd32f1x0.s
   Uses



ARM Macro Assembler    Page 12 Alphabetic symbol ordering
Relocatable symbols

      At line 131 in file GD32F1x0_Firmware_Library\CMSIS\GD\GD32F1x0\Source\AR
M\startup_gd32f1x0.s
      At line 262 in file GD32F1x0_Firmware_Library\CMSIS\GD\GD32F1x0\Source\AR
M\startup_gd32f1x0.s

USBD_HP_IRQHandler 0000001A

Symbol: USBD_HP_IRQHandler
   Definitions
      At line 310 in file GD32F1x0_Firmware_Library\CMSIS\GD\GD32F1x0\Source\AR
M\startup_gd32f1x0.s
   Uses
      At line 127 in file GD32F1x0_Firmware_Library\CMSIS\GD\GD32F1x0\Source\AR
M\startup_gd32f1x0.s
      At line 261 in file GD32F1x0_Firmware_Library\CMSIS\GD\GD32F1x0\Source\AR
M\startup_gd32f1x0.s

USBD_LP_IRQHandler 0000001A

Symbol: USBD_LP_IRQHandler
   Definitions
      At line 309 in file GD32F1x0_Firmware_Library\CMSIS\GD\GD32F1x0\Source\AR
M\startup_gd32f1x0.s
   Uses
      At line 126 in file GD32F1x0_Firmware_Library\CMSIS\GD\GD32F1x0\Source\AR
M\startup_gd32f1x0.s
      At line 260 in file GD32F1x0_Firmware_Library\CMSIS\GD\GD32F1x0\Source\AR
M\startup_gd32f1x0.s

UsageFault_Handler 00000010

Symbol: UsageFault_Handler
   Definitions
      At line 201 in file GD32F1x0_Firmware_Library\CMSIS\GD\GD32F1x0\Source\AR
M\startup_gd32f1x0.s
   Uses
      At line 77 in file GD32F1x0_Firmware_Library\CMSIS\GD\GD32F1x0\Source\ARM
\startup_gd32f1x0.s
      At line 202 in file GD32F1x0_Firmware_Library\CMSIS\GD\GD32F1x0\Source\AR
M\startup_gd32f1x0.s

WWDGT_IRQHandler 0000001A

Symbol: WWDGT_IRQHandler
   Definitions
      At line 276 in file GD32F1x0_Firmware_Library\CMSIS\GD\GD32F1x0\Source\AR
M\startup_gd32f1x0.s
   Uses
      At line 89 in file GD32F1x0_Firmware_Library\CMSIS\GD\GD32F1x0\Source\ARM
\startup_gd32f1x0.s
      At line 227 in file GD32F1x0_Firmware_Library\CMSIS\GD\GD32F1x0\Source\AR
M\startup_gd32f1x0.s

59 symbols



ARM Macro Assembler    Page 1 Alphabetic symbol ordering
Absolute symbols

Heap_Size 00000400

Symbol: Heap_Size
   Definitions
      At line 55 in file GD32F1x0_Firmware_Library\CMSIS\GD\GD32F1x0\Source\ARM
\startup_gd32f1x0.s
   Uses
      At line 59 in file GD32F1x0_Firmware_Library\CMSIS\GD\GD32F1x0\Source\ARM
\startup_gd32f1x0.s
Comment: Heap_Size used once
Stack_Size 00000400

Symbol: Stack_Size
   Definitions
      At line 44 in file GD32F1x0_Firmware_Library\CMSIS\GD\GD32F1x0\Source\ARM
\startup_gd32f1x0.s
   Uses
      At line 47 in file GD32F1x0_Firmware_Library\CMSIS\GD\GD32F1x0\Source\ARM
\startup_gd32f1x0.s
Comment: Stack_Size used once
__Vectors_Size 00000168

Symbol: __Vectors_Size
   Definitions
      At line 165 in file GD32F1x0_Firmware_Library\CMSIS\GD\GD32F1x0\Source\AR
M\startup_gd32f1x0.s
   Uses
      At line 69 in file GD32F1x0_Firmware_Library\CMSIS\GD\GD32F1x0\Source\ARM
\startup_gd32f1x0.s
Comment: __Vectors_Size used once
3 symbols



ARM Macro Assembler    Page 1 Alphabetic symbol ordering
External symbols

SystemInit 00000000

Symbol: SystemInit
   Definitions
      At line 172 in file GD32F1x0_Firmware_Library\CMSIS\GD\GD32F1x0\Source\AR
M\startup_gd32f1x0.s
   Uses
      At line 174 in file GD32F1x0_Firmware_Library\CMSIS\GD\GD32F1x0\Source\AR
M\startup_gd32f1x0.s
Comment: SystemInit used once
__main 00000000

Symbol: __main
   Definitions
      At line 173 in file GD32F1x0_Firmware_Library\CMSIS\GD\GD32F1x0\Source\AR
M\startup_gd32f1x0.s
   Uses
      At line 176 in file GD32F1x0_Firmware_Library\CMSIS\GD\GD32F1x0\Source\AR
M\startup_gd32f1x0.s
Comment: __main used once
2 symbols
412 symbols in table
